<?xml version="1.0" encoding="UTF-8"?>
<!-- Generated by org.testng.reporters.JUnitReportReporter -->
<testsuite skipped="0" hostname="ZHANGXX21XD5YEC" name="com.framework.testcases.TestLogin" tests="1" failures="0" timestamp="2022-06-20T15:51:22 CST" time="19.223" errors="0">
  <testcase name="test_login_success" time="19.223" classname="com.framework.testcases.TestLogin"/>
</testsuite> <!-- com.framework.testcases.TestLogin -->
